supervisor: error trying to setuid to 501 (Can't drop privilege as nonroot user)
python: can't open file '/Users/riki/Develop/epfl/aida/aida/manage.py': [Errno 2] No such file or directory
supervisor: error trying to setuid to 501 (Can't drop privilege as nonroot user)
python: can't open file '/Users/riki/Develop/epfl/aida/aida/manage.py': [Errno 2] No such file or directory
supervisor: error trying to setuid to 501 (Can't drop privilege as nonroot user)
python: can't open file '/Users/riki/Develop/epfl/aida/aida/manage.py': [Errno 2] No such file or directory
supervisor: error trying to setuid to 501 (Can't drop privilege as nonroot user)
python: can't open file '/Users/riki/Develop/epfl/aida/aida/manage.py': [Errno 2] No such file or directory
supervisor: error trying to setuid to 501 (Can't drop privilege as nonroot user)
[2013-04-29 16:07:06,100: WARNING/MainProcess] celery@vpn-a-183-189.epfl.ch ready.
[2013-04-29 16:07:06,102: INFO/MainProcess] consumer: Connected to django://localhost//.
[2013-04-29 16:07:41,175: ERROR/MainProcess] Received unregistered task of type 'aida.db.tasks.poll'.
The message has been ignored and discarded.

Did you remember to import the module containing this task?
Or maybe you are using relative imports?
More: http://docs.celeryq.org/en/latest/userguide/tasks.html#names

The full contents of the message body was:
{'utc': True, 'chord': None, 'args': [u'foo', 16], 'retries': 0, 'expires': None, 'task': 'aida.db.tasks.poll', 'callbacks': None, 'errbacks': None, 'taskset': None, 'kwargs': {}, 'eta': None, 'id': '7199b895-d8e3-4452-b77d-fff552c68032'} (212b)
Traceback (most recent call last):
  File "/Library/Python/2.7/site-packages/celery/worker/consumer.py", line 592, in receive_message
    self.strategies[name](message, body, message.ack_log_error)
KeyError: 'aida.db.tasks.poll'
[2013-04-29 16:08:06,252: ERROR/MainProcess] Received unregistered task of type 'aida.db.tasks.poll'.
The message has been ignored and discarded.

Did you remember to import the module containing this task?
Or maybe you are using relative imports?
More: http://docs.celeryq.org/en/latest/userguide/tasks.html#names

The full contents of the message body was:
{'utc': True, 'chord': None, 'args': [u'foo', 16], 'retries': 0, 'expires': None, 'task': 'aida.db.tasks.poll', 'callbacks': None, 'errbacks': None, 'taskset': None, 'kwargs': {}, 'eta': None, 'id': 'd47a7e7e-41d1-4397-b552-bcc841da510c'} (212b)
Traceback (most recent call last):
  File "/Library/Python/2.7/site-packages/celery/worker/consumer.py", line 592, in receive_message
    self.strategies[name](message, body, message.ack_log_error)
KeyError: 'aida.db.tasks.poll'
[2013-04-29 16:08:36,285: ERROR/MainProcess] Received unregistered task of type 'aida.db.tasks.poll'.
The message has been ignored and discarded.

Did you remember to import the module containing this task?
Or maybe you are using relative imports?
More: http://docs.celeryq.org/en/latest/userguide/tasks.html#names

The full contents of the message body was:
{'utc': True, 'chord': None, 'args': [u'foo', 16], 'retries': 0, 'expires': None, 'task': 'aida.db.tasks.poll', 'callbacks': None, 'errbacks': None, 'taskset': None, 'kwargs': {}, 'eta': None, 'id': '3fa4b863-256e-4a3c-a0db-9014d7fa192c'} (212b)
Traceback (most recent call last):
  File "/Library/Python/2.7/site-packages/celery/worker/consumer.py", line 592, in receive_message
    self.strategies[name](message, body, message.ack_log_error)
KeyError: 'aida.db.tasks.poll'
[2013-04-29 16:09:06,325: ERROR/MainProcess] Received unregistered task of type 'aida.db.tasks.poll'.
The message has been ignored and discarded.

Did you remember to import the module containing this task?
Or maybe you are using relative imports?
More: http://docs.celeryq.org/en/latest/userguide/tasks.html#names

The full contents of the message body was:
{'utc': True, 'chord': None, 'args': [u'foo', 16], 'retries': 0, 'expires': None, 'task': 'aida.db.tasks.poll', 'callbacks': None, 'errbacks': None, 'taskset': None, 'kwargs': {}, 'eta': None, 'id': '531bec60-521f-4cb0-94e7-10f627eb2985'} (212b)
Traceback (most recent call last):
  File "/Library/Python/2.7/site-packages/celery/worker/consumer.py", line 592, in receive_message
    self.strategies[name](message, body, message.ack_log_error)
KeyError: 'aida.db.tasks.poll'
 
 -------------- celery@vpn-a-183-189.epfl.ch v3.0.18 (Chiastic Slide)
---- **** ----- 
--- * ***  * -- Darwin-11.4.2-x86_64-i386-64bit
-- * - **** --- 
- ** ---------- [config]
- ** ---------- .> broker:      django://localhost//
- ** ---------- .> app:         default:0x105b97550 (djcelery.loaders.DjangoLoader)
- ** ---------- .> concurrency: 8 (processes)
- *** --- * --- .> events:      OFF (enable -E to monitor this worker)
-- ******* ---- 
--- ***** ----- [queues]
 -------------- .> celery:      exchange:celery(direct) binding:celery
                

[Tasks]
  . aida.djsite.db.tasks.collector
  . aida.djsite.db.tasks.poll

supervisor: error trying to setuid to 501 (Can't drop privilege as nonroot user)
[2013-04-29 16:23:05,077: WARNING/MainProcess] celery@vpn-a-183-189.epfl.ch ready.
[2013-04-29 16:23:05,079: INFO/MainProcess] consumer: Connected to django://localhost//.
[2013-04-29 16:23:10,134: INFO/MainProcess] Got task from broker: aida.djsite.db.tasks.poll[f02e5c10-4596-4d1d-be7c-f14f26ccf0a4]
[2013-04-29 16:23:10,153: WARNING/PoolWorker-4] Polling with args foo and 16 ...
[2013-04-29 16:23:15,155: WARNING/PoolWorker-4] Polled
[2013-04-29 16:23:15,200: INFO/MainProcess] Task aida.djsite.db.tasks.poll[f02e5c10-4596-4d1d-be7c-f14f26ccf0a4] succeeded in 5.0471868515s: None
[2013-04-29 16:23:35,250: INFO/MainProcess] Got task from broker: aida.djsite.db.tasks.poll[7845c787-4d48-4f82-b1df-1c442339e55b]
[2013-04-29 16:23:35,299: WARNING/PoolWorker-3] Polling with args foo and 16 ...
[2013-04-29 16:23:40,300: WARNING/PoolWorker-3] Polled
[2013-04-29 16:23:40,335: INFO/MainProcess] Task aida.djsite.db.tasks.poll[7845c787-4d48-4f82-b1df-1c442339e55b] succeeded in 5.03721785545s: None
[2013-04-29 16:24:05,287: INFO/MainProcess] Got task from broker: aida.djsite.db.tasks.poll[6d293633-6480-4ad1-ac7a-ff13e0036d02]
[2013-04-29 16:24:05,309: WARNING/PoolWorker-1] Polling with args foo and 16 ...
[2013-04-29 16:24:10,310: WARNING/PoolWorker-1] Polled
[2013-04-29 16:24:10,322: INFO/MainProcess] Task aida.djsite.db.tasks.poll[6d293633-6480-4ad1-ac7a-ff13e0036d02] succeeded in 5.0138630867s: None
[2013-04-29 16:24:35,586: INFO/MainProcess] Got task from broker: aida.djsite.db.tasks.poll[74e61e06-34e2-4948-ab38-f78166be6443]
[2013-04-29 16:24:35,616: WARNING/PoolWorker-5] Polling with args foo and 16 ...
[2013-04-29 16:24:40,617: WARNING/PoolWorker-5] Polled
[2013-04-29 16:24:40,629: INFO/MainProcess] Task aida.djsite.db.tasks.poll[74e61e06-34e2-4948-ab38-f78166be6443] succeeded in 5.01408004761s: None
[2013-04-29 16:25:05,621: INFO/MainProcess] Got task from broker: aida.djsite.db.tasks.poll[a0c818ec-2eb3-4d02-98d8-bae97f0c4c65]
[2013-04-29 16:25:05,630: WARNING/PoolWorker-2] Polling with args foo and 16 ...
[2013-04-29 16:25:10,631: WARNING/PoolWorker-2] Polled
[2013-04-29 16:25:10,643: INFO/MainProcess] Task aida.djsite.db.tasks.poll[a0c818ec-2eb3-4d02-98d8-bae97f0c4c65] succeeded in 5.01359391212s: None
[2013-04-29 16:25:35,657: INFO/MainProcess] Got task from broker: aida.djsite.db.tasks.poll[a68c0e39-6509-46ea-a931-e942def00510]
[2013-04-29 16:25:35,666: WARNING/PoolWorker-7] Polling with args foo and 16 ...
[2013-04-29 16:25:40,668: WARNING/PoolWorker-7] Polled
[2013-04-29 16:25:40,679: INFO/MainProcess] Task aida.djsite.db.tasks.poll[a68c0e39-6509-46ea-a931-e942def00510] succeeded in 5.01374387741s: None
[2013-04-29 16:26:05,694: INFO/MainProcess] Got task from broker: aida.djsite.db.tasks.poll[dd93e3bd-bea9-4e97-b55b-b1e755f3806a]
[2013-04-29 16:26:05,701: WARNING/PoolWorker-4] Polling with args foo and 16 ...
[2013-04-29 16:26:10,701: WARNING/PoolWorker-4] Polled
[2013-04-29 16:26:10,707: INFO/MainProcess] Task aida.djsite.db.tasks.poll[dd93e3bd-bea9-4e97-b55b-b1e755f3806a] succeeded in 5.00605511665s: None
[2013-04-29 16:26:35,737: INFO/MainProcess] Got task from broker: aida.djsite.db.tasks.poll[f0528b51-122b-444b-8f80-08f91c61f413]
[2013-04-29 16:26:35,741: WARNING/PoolWorker-6] Polling with args foo and 16 ...
[2013-04-29 16:26:40,742: WARNING/PoolWorker-6] Polled
[2013-04-29 16:26:40,770: INFO/MainProcess] Task aida.djsite.db.tasks.poll[f0528b51-122b-444b-8f80-08f91c61f413] succeeded in 5.03008508682s: None
[2013-04-29 16:27:05,808: INFO/MainProcess] Got task from broker: aida.djsite.db.tasks.poll[56c81236-5071-4478-96b7-d47e5bef6733]
[2013-04-29 16:27:05,841: WARNING/PoolWorker-8] Polling with args foo and 16 ...
[2013-04-29 16:27:10,843: WARNING/PoolWorker-8] Polled
[2013-04-29 16:27:10,855: INFO/MainProcess] Task aida.djsite.db.tasks.poll[56c81236-5071-4478-96b7-d47e5bef6733] succeeded in 5.01401901245s: None
[2013-04-29 16:27:35,844: INFO/MainProcess] Got task from broker: aida.djsite.db.tasks.poll[f326f420-66cf-4c29-ac12-d25b2900e74f]
[2013-04-29 16:27:35,856: WARNING/PoolWorker-3] Polling with args foo and 16 ...
[2013-04-29 16:27:40,857: WARNING/PoolWorker-3] Polled
[2013-04-29 16:27:40,993: INFO/MainProcess] Task aida.djsite.db.tasks.poll[f326f420-66cf-4c29-ac12-d25b2900e74f] succeeded in 5.13773298264s: None
[2013-04-29 16:28:05,886: INFO/MainProcess] Got task from broker: aida.djsite.db.tasks.poll[40312545-3f97-4b6e-afbe-599b64f13dbf]
[2013-04-29 16:28:05,889: WARNING/PoolWorker-1] Polling with args foo and 16 ...
[2013-04-29 16:28:10,890: WARNING/PoolWorker-1] Polled
[2013-04-29 16:28:10,895: INFO/MainProcess] Task aida.djsite.db.tasks.poll[40312545-3f97-4b6e-afbe-599b64f13dbf] succeeded in 5.00624418259s: None
[2013-04-29 16:28:35,925: INFO/MainProcess] Got task from broker: aida.djsite.db.tasks.poll[84afd142-8c95-4ba7-b8cc-e94540d9d7c1]
[2013-04-29 16:28:35,931: WARNING/PoolWorker-5] Polling with args foo and 16 ...
[2013-04-29 16:28:40,932: WARNING/PoolWorker-5] Polled
[2013-04-29 16:28:40,976: INFO/MainProcess] Task aida.djsite.db.tasks.poll[84afd142-8c95-4ba7-b8cc-e94540d9d7c1] succeeded in 5.04571485519s: None
[2013-04-29 16:29:05,963: INFO/MainProcess] Got task from broker: aida.djsite.db.tasks.poll[7d57e2fd-40d3-41a9-8cf0-0e86c4f6d565]
[2013-04-29 16:29:05,965: WARNING/PoolWorker-4] Polling with args foo and 16 ...
[2013-04-29 16:29:10,965: WARNING/PoolWorker-4] Polled
[2013-04-29 16:29:10,970: INFO/MainProcess] Task aida.djsite.db.tasks.poll[7d57e2fd-40d3-41a9-8cf0-0e86c4f6d565] succeeded in 5.0051150322s: None
[2013-04-29 16:29:36,001: INFO/MainProcess] Got task from broker: aida.djsite.db.tasks.poll[2b0d0198-d863-4c33-b538-f2d8c1603417]
[2013-04-29 16:29:36,005: WARNING/PoolWorker-7] Polling with args foo and 16 ...
[2013-04-29 16:29:41,006: WARNING/PoolWorker-7] Polled
[2013-04-29 16:29:41,011: INFO/MainProcess] Task aida.djsite.db.tasks.poll[2b0d0198-d863-4c33-b538-f2d8c1603417] succeeded in 5.00643801689s: None
[2013-04-29 16:30:06,039: INFO/MainProcess] Got task from broker: aida.djsite.db.tasks.poll[5523b267-ba64-4e41-bc89-4cb3ed0045ef]
[2013-04-29 16:30:06,043: WARNING/PoolWorker-2] Polling with args foo and 16 ...
[2013-04-29 16:30:11,044: WARNING/PoolWorker-2] Polled
[2013-04-29 16:30:11,049: INFO/MainProcess] Task aida.djsite.db.tasks.poll[5523b267-ba64-4e41-bc89-4cb3ed0045ef] succeeded in 5.00597214699s: None
[2013-04-29 16:30:36,075: INFO/MainProcess] Got task from broker: aida.djsite.db.tasks.poll[6881f57c-b357-43c4-b79d-5d03fc0a9d03]
[2013-04-29 16:30:36,078: WARNING/PoolWorker-6] Polling with args foo and 16 ...
[2013-04-29 16:30:41,079: WARNING/PoolWorker-6] Polled
[2013-04-29 16:30:41,084: INFO/MainProcess] Task aida.djsite.db.tasks.poll[6881f57c-b357-43c4-b79d-5d03fc0a9d03] succeeded in 5.00579810143s: None
[2013-04-29 16:31:06,142: INFO/MainProcess] Got task from broker: aida.djsite.db.tasks.poll[7aadadcb-cd06-412c-a93b-fbf6bfb1fac8]
[2013-04-29 16:31:06,147: WARNING/PoolWorker-3] Polling with args foo and 16 ...
[2013-04-29 16:31:11,148: WARNING/PoolWorker-3] Polled
[2013-04-29 16:31:11,173: INFO/MainProcess] Task aida.djsite.db.tasks.poll[7aadadcb-cd06-412c-a93b-fbf6bfb1fac8] succeeded in 5.02606010437s: None
[2013-04-29 16:31:36,178: INFO/MainProcess] Got task from broker: aida.djsite.db.tasks.poll[aa155e6d-3569-45a6-bc8a-02d0951b6594]
[2013-04-29 16:31:36,185: WARNING/PoolWorker-8] Polling with args foo and 16 ...
[2013-04-29 16:31:41,186: WARNING/PoolWorker-8] Polled
[2013-04-29 16:31:41,192: INFO/MainProcess] Task aida.djsite.db.tasks.poll[aa155e6d-3569-45a6-bc8a-02d0951b6594] succeeded in 5.0067589283s: None
[2013-04-29 16:32:06,214: INFO/MainProcess] Got task from broker: aida.djsite.db.tasks.poll[70cfa7a9-09c5-4db8-b9e7-e145c51650f4]
[2013-04-29 16:32:06,219: WARNING/PoolWorker-1] Polling with args foo and 16 ...
[2013-04-29 16:32:11,220: WARNING/PoolWorker-1] Polled
[2013-04-29 16:32:11,225: INFO/MainProcess] Task aida.djsite.db.tasks.poll[70cfa7a9-09c5-4db8-b9e7-e145c51650f4] succeeded in 5.00631999969s: None
[2013-04-29 16:32:36,249: INFO/MainProcess] Got task from broker: aida.djsite.db.tasks.poll[fa76c399-4799-4977-898f-052c2881e6d7]
[2013-04-29 16:32:36,253: WARNING/PoolWorker-5] Polling with args foo and 16 ...
[2013-04-29 16:32:41,254: WARNING/PoolWorker-5] Polled
[2013-04-29 16:32:41,258: INFO/MainProcess] Task aida.djsite.db.tasks.poll[fa76c399-4799-4977-898f-052c2881e6d7] succeeded in 5.00547099113s: None
[2013-04-29 16:33:06,289: INFO/MainProcess] Got task from broker: aida.djsite.db.tasks.poll[06db3657-92b0-4092-b315-718dbef04148]
[2013-04-29 16:33:06,290: WARNING/PoolWorker-4] Polling with args foo and 16 ...
[2013-04-29 16:33:11,292: WARNING/PoolWorker-4] Polled
[2013-04-29 16:33:11,298: INFO/MainProcess] Task aida.djsite.db.tasks.poll[06db3657-92b0-4092-b315-718dbef04148] succeeded in 5.00733184814s: None
[2013-04-29 16:33:36,327: INFO/MainProcess] Got task from broker: aida.djsite.db.tasks.poll[ce2e68aa-5ea7-45aa-941f-0e46bb77255e]
[2013-04-29 16:33:36,329: WARNING/PoolWorker-2] Polling with args foo and 16 ...
[2013-04-29 16:33:41,330: WARNING/PoolWorker-2] Polled
[2013-04-29 16:33:41,335: INFO/MainProcess] Task aida.djsite.db.tasks.poll[ce2e68aa-5ea7-45aa-941f-0e46bb77255e] succeeded in 5.0065472126s: None
[2013-04-29 16:34:06,366: INFO/MainProcess] Got task from broker: aida.djsite.db.tasks.poll[5ef85724-7176-4cc7-8356-9fa35ce8ddd0]
[2013-04-29 16:34:06,367: WARNING/PoolWorker-6] Polling with args foo and 16 ...
[2013-04-29 16:34:11,369: WARNING/PoolWorker-6] Polled
[2013-04-29 16:34:11,373: INFO/MainProcess] Task aida.djsite.db.tasks.poll[5ef85724-7176-4cc7-8356-9fa35ce8ddd0] succeeded in 5.00616502762s: None
[2013-04-29 16:34:36,410: INFO/MainProcess] Got task from broker: aida.djsite.db.tasks.poll[41188fd4-d62e-470f-9dc8-674f6efac0f4]
[2013-04-29 16:34:36,412: WARNING/PoolWorker-7] Polling with args foo and 16 ...
[2013-04-29 16:34:41,413: WARNING/PoolWorker-7] Polled
[2013-04-29 16:34:41,433: INFO/MainProcess] Task aida.djsite.db.tasks.poll[41188fd4-d62e-470f-9dc8-674f6efac0f4] succeeded in 5.0211122036s: None
[2013-04-29 16:35:06,481: INFO/MainProcess] Got task from broker: aida.djsite.db.tasks.poll[3e0d2338-2ecf-4bdf-8853-47058b07d4bd]
[2013-04-29 16:35:06,485: WARNING/PoolWorker-3] Polling with args foo and 16 ...
[2013-04-29 16:35:11,486: WARNING/PoolWorker-3] Polled
[2013-04-29 16:35:11,492: INFO/MainProcess] Task aida.djsite.db.tasks.poll[3e0d2338-2ecf-4bdf-8853-47058b07d4bd] succeeded in 5.0069861412s: None
[2013-04-29 16:35:36,547: INFO/MainProcess] Got task from broker: aida.djsite.db.tasks.poll[15325178-74f7-42ab-b4c9-866245ed0c56]
[2013-04-29 16:35:36,551: WARNING/PoolWorker-8] Polling with args foo and 16 ...
[2013-04-29 16:35:41,552: WARNING/PoolWorker-8] Polled
[2013-04-29 16:35:41,558: INFO/MainProcess] Task aida.djsite.db.tasks.poll[15325178-74f7-42ab-b4c9-866245ed0c56] succeeded in 5.00632596016s: None
[2013-04-29 16:36:06,583: INFO/MainProcess] Got task from broker: aida.djsite.db.tasks.poll[c2bfa739-a031-4370-b6d8-c489d6ec2723]
[2013-04-29 16:36:06,587: WARNING/PoolWorker-1] Polling with args foo and 16 ...
[2013-04-29 16:36:11,587: WARNING/PoolWorker-1] Polled
[2013-04-29 16:36:11,592: INFO/MainProcess] Task aida.djsite.db.tasks.poll[c2bfa739-a031-4370-b6d8-c489d6ec2723] succeeded in 5.00516009331s: None
[2013-04-29 16:36:36,357: INFO/MainProcess] Got task from broker: aida.djsite.db.tasks.poll[8e787f6d-bedf-4d36-9d2b-0592ac104b22]
[2013-04-29 16:36:37,400: WARNING/MainProcess] Restoring 1 unacknowledged message(s).
 
 -------------- celery@vpn-a-183-189.epfl.ch v3.0.18 (Chiastic Slide)
---- **** ----- 
--- * ***  * -- Darwin-11.4.2-x86_64-i386-64bit
-- * - **** --- 
- ** ---------- [config]
- ** ---------- .> broker:      django://localhost//
- ** ---------- .> app:         default:0x103412550 (djcelery.loaders.DjangoLoader)
- ** ---------- .> concurrency: 8 (processes)
- *** --- * --- .> events:      OFF (enable -E to monitor this worker)
-- ******* ---- 
--- ***** ----- [queues]
 -------------- .> celery:      exchange:celery(direct) binding:celery
                

[Tasks]
  . aida.djsite.db.tasks.collector
  . aida.djsite.db.tasks.poll

supervisor: error trying to setuid to 501 (Can't drop privilege as nonroot user)
[2013-04-29 17:41:34,764: WARNING/MainProcess] celery@Riccardos-MacBook-Pro.local ready.
[2013-04-29 17:41:34,766: INFO/MainProcess] consumer: Connected to django://localhost//.
[2013-04-29 17:41:34,849: INFO/MainProcess] Got task from broker: aida.djsite.db.tasks.poll[8e787f6d-bedf-4d36-9d2b-0592ac104b22]
[2013-04-29 17:41:34,857: INFO/MainProcess] Got task from broker: aida.djsite.db.tasks.poll[c0295d1f-7e9d-4d16-a987-7dfeecfe0acc]
[2013-04-29 17:41:34,902: WARNING/PoolWorker-4] Polling with args foo and 16 ...
[2013-04-29 17:41:34,902: WARNING/PoolWorker-3] Polling with args foo and 16 ...
[2013-04-29 17:41:39,905: WARNING/PoolWorker-4] Polled
[2013-04-29 17:41:39,905: WARNING/PoolWorker-3] Polled
[2013-04-29 17:41:39,960: INFO/MainProcess] Task aida.djsite.db.tasks.poll[8e787f6d-bedf-4d36-9d2b-0592ac104b22] succeeded in 5.0604300499s: None
[2013-04-29 17:41:39,962: INFO/MainProcess] Task aida.djsite.db.tasks.poll[c0295d1f-7e9d-4d16-a987-7dfeecfe0acc] succeeded in 5.0622959137s: None
[2013-04-29 17:42:04,914: INFO/MainProcess] Got task from broker: aida.djsite.db.tasks.poll[a90d033f-080a-47b6-a7fc-b0bb90f7c01a]
[2013-04-29 17:42:04,920: WARNING/PoolWorker-1] Polling with args foo and 16 ...
[2013-04-29 17:42:09,921: WARNING/PoolWorker-1] Polled
[2013-04-29 17:42:09,932: INFO/MainProcess] Task aida.djsite.db.tasks.poll[a90d033f-080a-47b6-a7fc-b0bb90f7c01a] succeeded in 5.01325798035s: None
[2013-04-29 17:42:34,966: INFO/MainProcess] Got task from broker: aida.djsite.db.tasks.poll[49190d02-efc7-4a1b-8656-637dbc148d85]
[2013-04-29 17:42:34,969: WARNING/PoolWorker-2] Polling with args foo and 16 ...
[2013-04-29 17:42:39,970: WARNING/PoolWorker-2] Polled
[2013-04-29 17:42:39,983: INFO/MainProcess] Task aida.djsite.db.tasks.poll[49190d02-efc7-4a1b-8656-637dbc148d85] succeeded in 5.0145740509s: None
[2013-04-29 17:43:05,071: INFO/MainProcess] Got task from broker: aida.djsite.db.tasks.poll[7bfdfebd-2b58-4e3e-8e27-effacd6bfd7d]
[2013-04-29 17:43:05,081: WARNING/PoolWorker-5] Polling with args foo and 16 ...
[2013-04-29 17:43:10,082: WARNING/PoolWorker-5] Polled
[2013-04-29 17:43:10,094: INFO/MainProcess] Task aida.djsite.db.tasks.poll[7bfdfebd-2b58-4e3e-8e27-effacd6bfd7d] succeeded in 5.01402401924s: None
[2013-04-29 17:43:35,117: INFO/MainProcess] Got task from broker: aida.djsite.db.tasks.poll[891bb09f-abf2-44c4-a258-465c8ac8067b]
[2013-04-29 17:43:35,120: WARNING/PoolWorker-6] Polling with args foo and 16 ...
[2013-04-29 17:43:40,122: WARNING/PoolWorker-6] Polled
[2013-04-29 17:43:40,191: INFO/MainProcess] Task aida.djsite.db.tasks.poll[891bb09f-abf2-44c4-a258-465c8ac8067b] succeeded in 5.0716381073s: None
[2013-04-29 17:44:05,159: INFO/MainProcess] Got task from broker: aida.djsite.db.tasks.poll[1f58324f-ec77-483e-900a-b29d1a5f4e2c]
[2013-04-29 17:44:05,161: WARNING/PoolWorker-8] Polling with args foo and 16 ...
[2013-04-29 17:44:10,163: WARNING/PoolWorker-8] Polled
[2013-04-29 17:44:10,174: INFO/MainProcess] Task aida.djsite.db.tasks.poll[1f58324f-ec77-483e-900a-b29d1a5f4e2c] succeeded in 5.01347017288s: None
[2013-04-29 17:44:35,199: INFO/MainProcess] Got task from broker: aida.djsite.db.tasks.poll[856146f9-bb72-44b9-b2eb-2c54077cf456]
[2013-04-29 17:44:35,204: WARNING/PoolWorker-7] Polling with args foo and 16 ...
[2013-04-29 17:44:40,205: WARNING/PoolWorker-7] Polled
[2013-04-29 17:44:40,218: INFO/MainProcess] Task aida.djsite.db.tasks.poll[856146f9-bb72-44b9-b2eb-2c54077cf456] succeeded in 5.01485681534s: None
[2013-04-29 17:45:05,235: INFO/MainProcess] Got task from broker: aida.djsite.db.tasks.poll[a2e3e577-90e5-488e-ad60-7e309a107f40]
[2013-04-29 17:45:05,239: WARNING/PoolWorker-3] Polling with args foo and 16 ...
[2013-04-29 17:45:10,239: WARNING/PoolWorker-3] Polled
[2013-04-29 17:45:10,245: INFO/MainProcess] Task aida.djsite.db.tasks.poll[a2e3e577-90e5-488e-ad60-7e309a107f40] succeeded in 5.00641393661s: None
[2013-04-29 17:45:35,271: INFO/MainProcess] Got task from broker: aida.djsite.db.tasks.poll[041c31a2-a102-48b1-9f57-2519f2c1f450]
[2013-04-29 17:45:35,275: WARNING/PoolWorker-4] Polling with args foo and 16 ...
[2013-04-29 17:45:40,276: WARNING/PoolWorker-4] Polled
[2013-04-29 17:45:40,333: INFO/MainProcess] Task aida.djsite.db.tasks.poll[041c31a2-a102-48b1-9f57-2519f2c1f450] succeeded in 5.05766797066s: None
[2013-04-29 17:46:05,310: INFO/MainProcess] Got task from broker: aida.djsite.db.tasks.poll[384976c9-87c0-442a-be59-a21c1071ee05]
[2013-04-29 17:46:05,313: WARNING/PoolWorker-1] Polling with args foo and 16 ...
[2013-04-29 17:46:10,314: WARNING/PoolWorker-1] Polled
[2013-04-29 17:46:10,318: INFO/MainProcess] Task aida.djsite.db.tasks.poll[384976c9-87c0-442a-be59-a21c1071ee05] succeeded in 5.00454282761s: None
[2013-04-29 17:46:35,347: INFO/MainProcess] Got task from broker: aida.djsite.db.tasks.poll[0e20470e-1ac6-482f-b1ad-133356e389f6]
[2013-04-29 17:46:35,350: WARNING/PoolWorker-2] Polling with args foo and 16 ...
[2013-04-29 17:46:40,351: WARNING/PoolWorker-2] Polled
[2013-04-29 17:46:40,357: INFO/MainProcess] Task aida.djsite.db.tasks.poll[0e20470e-1ac6-482f-b1ad-133356e389f6] succeeded in 5.00737500191s: None
[2013-04-29 17:47:05,385: INFO/MainProcess] Got task from broker: aida.djsite.db.tasks.poll[ed74ccee-b7b5-4b7e-9814-7497ed96eb4e]
[2013-04-29 17:47:05,387: WARNING/PoolWorker-5] Polling with args foo and 16 ...
[2013-04-29 17:47:10,388: WARNING/PoolWorker-5] Polled
[2013-04-29 17:47:10,398: INFO/MainProcess] Task aida.djsite.db.tasks.poll[ed74ccee-b7b5-4b7e-9814-7497ed96eb4e] succeeded in 5.01099014282s: None
[2013-04-29 17:47:35,432: INFO/MainProcess] Got task from broker: aida.djsite.db.tasks.poll[d59b0a69-5bf7-4d91-9152-07fd5780f168]
[2013-04-29 17:47:35,437: WARNING/PoolWorker-6] Polling with args foo and 16 ...
[2013-04-29 17:47:40,439: WARNING/PoolWorker-6] Polled
[2013-04-29 17:47:40,443: INFO/MainProcess] Task aida.djsite.db.tasks.poll[d59b0a69-5bf7-4d91-9152-07fd5780f168] succeeded in 5.00618696213s: None
[2013-04-29 17:48:05,472: INFO/MainProcess] Got task from broker: aida.djsite.db.tasks.poll[a9c0c75f-9a91-47ca-ac53-b72f48720e0c]
[2013-04-29 17:48:05,476: WARNING/PoolWorker-7] Polling with args foo and 16 ...
[2013-04-29 17:48:10,477: WARNING/PoolWorker-7] Polled
[2013-04-29 17:48:10,481: INFO/MainProcess] Task aida.djsite.db.tasks.poll[a9c0c75f-9a91-47ca-ac53-b72f48720e0c] succeeded in 5.00514602661s: None
[2013-04-29 17:48:35,521: INFO/MainProcess] Got task from broker: aida.djsite.db.tasks.poll[b44db1a4-7ea1-4af3-b77f-8332c49cb9d0]
[2013-04-29 17:48:35,528: WARNING/PoolWorker-8] Polling with args foo and 16 ...
[2013-04-29 17:48:40,529: WARNING/PoolWorker-8] Polled
[2013-04-29 17:48:40,588: INFO/MainProcess] Task aida.djsite.db.tasks.poll[b44db1a4-7ea1-4af3-b77f-8332c49cb9d0] succeeded in 5.06092691422s: None
[2013-04-29 17:49:05,557: INFO/MainProcess] Got task from broker: aida.djsite.db.tasks.poll[4948f98d-77c4-44d5-828f-958014eddbc3]
[2013-04-29 17:49:05,561: WARNING/PoolWorker-3] Polling with args foo and 16 ...
[2013-04-29 17:49:10,562: WARNING/PoolWorker-3] Polled
[2013-04-29 17:49:10,567: INFO/MainProcess] Task aida.djsite.db.tasks.poll[4948f98d-77c4-44d5-828f-958014eddbc3] succeeded in 5.00607204437s: None
[2013-04-29 17:49:35,591: INFO/MainProcess] Got task from broker: aida.djsite.db.tasks.poll[4edb0464-9dbe-4753-a27b-ce31ec803497]
[2013-04-29 17:49:35,595: WARNING/PoolWorker-4] Polling with args foo and 16 ...
[2013-04-29 17:49:40,595: WARNING/PoolWorker-4] Polled
[2013-04-29 17:49:40,600: INFO/MainProcess] Task aida.djsite.db.tasks.poll[4edb0464-9dbe-4753-a27b-ce31ec803497] succeeded in 5.00604701042s: None
[2013-04-29 17:50:05,630: INFO/MainProcess] Got task from broker: aida.djsite.db.tasks.poll[173af802-4581-4172-bbf2-ddf11c1eb891]
[2013-04-29 17:50:05,633: WARNING/PoolWorker-1] Polling with args foo and 16 ...
[2013-04-29 17:50:10,634: WARNING/PoolWorker-1] Polled
[2013-04-29 17:50:10,639: INFO/MainProcess] Task aida.djsite.db.tasks.poll[173af802-4581-4172-bbf2-ddf11c1eb891] succeeded in 5.00586891174s: None
[2013-04-29 17:50:35,731: INFO/MainProcess] Got task from broker: aida.djsite.db.tasks.poll[283b244f-84c7-4195-a2cb-977cf85eca29]
[2013-04-29 17:50:35,734: WARNING/PoolWorker-2] Polling with args foo and 16 ...
[2013-04-29 17:50:40,736: WARNING/PoolWorker-2] Polled
[2013-04-29 17:50:40,741: INFO/MainProcess] Task aida.djsite.db.tasks.poll[283b244f-84c7-4195-a2cb-977cf85eca29] succeeded in 5.00658893585s: None
[2013-04-29 17:51:05,797: INFO/MainProcess] Got task from broker: aida.djsite.db.tasks.poll[0af3228d-56c1-4477-ac3d-0bcee5dd074c]
[2013-04-29 17:51:05,804: WARNING/PoolWorker-7] Polling with args foo and 16 ...
[2013-04-29 17:51:10,805: WARNING/PoolWorker-7] Polled
[2013-04-29 17:51:10,816: INFO/MainProcess] Task aida.djsite.db.tasks.poll[0af3228d-56c1-4477-ac3d-0bcee5dd074c] succeeded in 5.01251888275s: None
[2013-04-29 17:51:35,834: INFO/MainProcess] Got task from broker: aida.djsite.db.tasks.poll[d5464368-579c-496f-ada2-c75208de2f14]
[2013-04-29 17:51:35,837: WARNING/PoolWorker-5] Polling with args foo and 16 ...
[2013-04-29 17:51:40,838: WARNING/PoolWorker-5] Polled
[2013-04-29 17:51:40,844: INFO/MainProcess] Task aida.djsite.db.tasks.poll[d5464368-579c-496f-ada2-c75208de2f14] succeeded in 5.00707292557s: None
[2013-04-29 17:52:05,870: INFO/MainProcess] Got task from broker: aida.djsite.db.tasks.poll[4b40ff3e-35c4-409e-b4e2-ddca6f95c2d0]
[2013-04-29 17:52:05,874: WARNING/PoolWorker-8] Polling with args foo and 16 ...
[2013-04-29 17:52:10,875: WARNING/PoolWorker-8] Polled
[2013-04-29 17:52:10,879: INFO/MainProcess] Task aida.djsite.db.tasks.poll[4b40ff3e-35c4-409e-b4e2-ddca6f95c2d0] succeeded in 5.00546193123s: None
[2013-04-29 17:52:35,906: INFO/MainProcess] Got task from broker: aida.djsite.db.tasks.poll[4b8d2f74-1723-441a-8adc-eeb7bc8adca7]
[2013-04-29 17:52:35,908: WARNING/PoolWorker-3] Polling with args foo and 16 ...
[2013-04-29 17:52:40,908: WARNING/PoolWorker-3] Polled
[2013-04-29 17:52:40,914: INFO/MainProcess] Task aida.djsite.db.tasks.poll[4b8d2f74-1723-441a-8adc-eeb7bc8adca7] succeeded in 5.00617218018s: None
[2013-04-29 17:53:05,947: INFO/MainProcess] Got task from broker: aida.djsite.db.tasks.poll[bfc715a4-da38-46a0-8339-6bf2acda2183]
[2013-04-29 17:53:05,949: WARNING/PoolWorker-6] Polling with args foo and 16 ...
[2013-04-29 17:53:10,949: WARNING/PoolWorker-6] Polled
[2013-04-29 17:53:10,954: INFO/MainProcess] Task aida.djsite.db.tasks.poll[bfc715a4-da38-46a0-8339-6bf2acda2183] succeeded in 5.00580096245s: None
[2013-04-29 17:53:35,988: INFO/MainProcess] Got task from broker: aida.djsite.db.tasks.poll[9c987cee-873f-427f-85c0-16843fd207cb]
[2013-04-29 17:53:35,990: WARNING/PoolWorker-1] Polling with args foo and 16 ...
[2013-04-29 17:53:40,991: WARNING/PoolWorker-1] Polled
[2013-04-29 17:53:40,996: INFO/MainProcess] Task aida.djsite.db.tasks.poll[9c987cee-873f-427f-85c0-16843fd207cb] succeeded in 5.00642180443s: None
[2013-04-29 17:54:06,053: INFO/MainProcess] Got task from broker: aida.djsite.db.tasks.poll[463f867a-dc8f-45de-9ffc-669d04ca152a]
[2013-04-29 17:54:06,057: WARNING/PoolWorker-4] Polling with args foo and 16 ...
[2013-04-29 17:54:11,058: WARNING/PoolWorker-4] Polled
[2013-04-29 17:54:11,063: INFO/MainProcess] Task aida.djsite.db.tasks.poll[463f867a-dc8f-45de-9ffc-669d04ca152a] succeeded in 5.00638318062s: None
[2013-04-29 17:54:36,093: INFO/MainProcess] Got task from broker: aida.djsite.db.tasks.poll[042e64f0-7328-45b0-8ae5-6efac63808cf]
[2013-04-29 17:54:36,097: WARNING/PoolWorker-2] Polling with args foo and 16 ...
[2013-04-29 17:54:41,098: WARNING/PoolWorker-2] Polled
[2013-04-29 17:54:41,102: INFO/MainProcess] Task aida.djsite.db.tasks.poll[042e64f0-7328-45b0-8ae5-6efac63808cf] succeeded in 5.00561308861s: None
[2013-04-29 17:55:06,157: INFO/MainProcess] Got task from broker: aida.djsite.db.tasks.poll[6bf40ef3-f694-4d7a-ad2c-021ec0b7d80f]
[2013-04-29 17:55:06,167: WARNING/PoolWorker-7] Polling with args foo and 16 ...
[2013-04-29 17:55:11,168: WARNING/PoolWorker-7] Polled
[2013-04-29 17:55:11,173: INFO/MainProcess] Task aida.djsite.db.tasks.poll[6bf40ef3-f694-4d7a-ad2c-021ec0b7d80f] succeeded in 5.00632190704s: None
[2013-04-29 17:55:36,200: INFO/MainProcess] Got task from broker: aida.djsite.db.tasks.poll[67ab5737-9e53-4b15-a382-bc6bd656eed1]
[2013-04-29 17:55:36,203: WARNING/PoolWorker-5] Polling with args foo and 16 ...
[2013-04-29 17:55:41,204: WARNING/PoolWorker-5] Polled
[2013-04-29 17:55:41,210: INFO/MainProcess] Task aida.djsite.db.tasks.poll[67ab5737-9e53-4b15-a382-bc6bd656eed1] succeeded in 5.00663208961s: None
[2013-04-29 17:56:06,235: INFO/MainProcess] Got task from broker: aida.djsite.db.tasks.poll[46c8d3c2-0a60-4c44-a3d7-fe3e51e606b6]
[2013-04-29 17:56:06,236: WARNING/PoolWorker-8] Polling with args foo and 16 ...
[2013-04-29 17:56:11,238: WARNING/PoolWorker-8] Polled
[2013-04-29 17:56:11,242: INFO/MainProcess] Task aida.djsite.db.tasks.poll[46c8d3c2-0a60-4c44-a3d7-fe3e51e606b6] succeeded in 5.00570821762s: None
[2013-04-29 17:56:36,271: INFO/MainProcess] Got task from broker: aida.djsite.db.tasks.poll[a8242628-840d-4a7a-926b-d5723a32b0e7]
[2013-04-29 17:56:36,274: WARNING/PoolWorker-3] Polling with args foo and 16 ...
[2013-04-29 17:56:41,275: WARNING/PoolWorker-3] Polled
[2013-04-29 17:56:41,321: INFO/MainProcess] Task aida.djsite.db.tasks.poll[a8242628-840d-4a7a-926b-d5723a32b0e7] succeeded in 5.04655098915s: None
[2013-04-29 17:57:06,314: INFO/MainProcess] Got task from broker: aida.djsite.db.tasks.poll[b8e6bade-288b-4630-a9e1-07804d902a5a]
[2013-04-29 17:57:06,317: WARNING/PoolWorker-6] Polling with args foo and 16 ...
[2013-04-29 17:57:11,318: WARNING/PoolWorker-6] Polled
[2013-04-29 17:57:11,326: INFO/MainProcess] Task aida.djsite.db.tasks.poll[b8e6bade-288b-4630-a9e1-07804d902a5a] succeeded in 5.00964784622s: None
[2013-04-29 17:57:36,360: INFO/MainProcess] Got task from broker: aida.djsite.db.tasks.poll[d9ae6667-80e1-4643-9a97-e825a1c2d75c]
[2013-04-29 17:57:36,362: WARNING/PoolWorker-1] Polling with args foo and 16 ...
[2013-04-29 17:57:41,363: WARNING/PoolWorker-1] Polled
[2013-04-29 17:57:41,367: INFO/MainProcess] Task aida.djsite.db.tasks.poll[d9ae6667-80e1-4643-9a97-e825a1c2d75c] succeeded in 5.00513195992s: None
[2013-04-29 17:58:06,468: INFO/MainProcess] Got task from broker: aida.djsite.db.tasks.poll[ad36b8b6-dbec-4635-a72b-e5c6cffbc51f]
[2013-04-29 17:58:06,514: WARNING/PoolWorker-4] Polling with args foo and 16 ...
[2013-04-29 17:58:11,515: WARNING/PoolWorker-4] Polled
[2013-04-29 17:58:11,522: INFO/MainProcess] Task aida.djsite.db.tasks.poll[ad36b8b6-dbec-4635-a72b-e5c6cffbc51f] succeeded in 5.00864315033s: None
[2013-04-29 17:58:36,506: INFO/MainProcess] Got task from broker: aida.djsite.db.tasks.poll[f8d45d90-adc6-4534-b8c0-1f13e6512e3a]
[2013-04-29 17:58:36,528: WARNING/PoolWorker-2] Polling with args foo and 16 ...
[2013-04-29 17:58:41,529: WARNING/PoolWorker-2] Polled
[2013-04-29 17:58:41,533: INFO/MainProcess] Task aida.djsite.db.tasks.poll[f8d45d90-adc6-4534-b8c0-1f13e6512e3a] succeeded in 5.00542283058s: None
[2013-04-29 17:59:06,561: INFO/MainProcess] Got task from broker: aida.djsite.db.tasks.poll[6d8b55d0-8708-4159-9340-2bc4d26492ba]
[2013-04-29 17:59:06,564: WARNING/PoolWorker-7] Polling with args foo and 16 ...
[2013-04-29 17:59:11,565: WARNING/PoolWorker-7] Polled
[2013-04-29 17:59:11,645: INFO/MainProcess] Task aida.djsite.db.tasks.poll[6d8b55d0-8708-4159-9340-2bc4d26492ba] succeeded in 5.08080601692s: None
[2013-04-29 17:59:36,640: INFO/MainProcess] Got task from broker: aida.djsite.db.tasks.poll[17b1eb73-d6ec-41c8-bcea-75f735c6d693]
[2013-04-29 17:59:36,666: WARNING/PoolWorker-8] Polling with args foo and 16 ...
[2013-04-29 17:59:41,667: WARNING/PoolWorker-8] Polled
[2013-04-29 17:59:41,672: INFO/MainProcess] Task aida.djsite.db.tasks.poll[17b1eb73-d6ec-41c8-bcea-75f735c6d693] succeeded in 5.00635099411s: None
[2013-04-29 18:00:06,677: INFO/MainProcess] Got task from broker: aida.djsite.db.tasks.poll[a61557d6-fb7d-4b4e-b8d8-da5463ef5aa2]
[2013-04-29 18:00:06,679: WARNING/PoolWorker-5] Polling with args foo and 16 ...
[2013-04-29 18:00:11,680: WARNING/PoolWorker-5] Polled
[2013-04-29 18:00:11,685: INFO/MainProcess] Task aida.djsite.db.tasks.poll[a61557d6-fb7d-4b4e-b8d8-da5463ef5aa2] succeeded in 5.00615715981s: None
[2013-04-29 18:00:36,744: INFO/MainProcess] Got task from broker: aida.djsite.db.tasks.poll[14286f32-264e-40fa-8c03-3377cd156d2a]
[2013-04-29 18:00:36,750: WARNING/PoolWorker-6] Polling with args foo and 16 ...
[2013-04-29 18:00:41,752: WARNING/PoolWorker-6] Polled
[2013-04-29 18:00:41,757: INFO/MainProcess] Task aida.djsite.db.tasks.poll[14286f32-264e-40fa-8c03-3377cd156d2a] succeeded in 5.00635790825s: None
[2013-04-29 18:01:06,779: INFO/MainProcess] Got task from broker: aida.djsite.db.tasks.poll[a150f532-055f-457b-9fbf-a706d838f859]
[2013-04-29 18:01:06,785: WARNING/PoolWorker-3] Polling with args foo and 16 ...
[2013-04-29 18:01:11,787: WARNING/PoolWorker-3] Polled
[2013-04-29 18:01:12,011: INFO/MainProcess] Task aida.djsite.db.tasks.poll[a150f532-055f-457b-9fbf-a706d838f859] succeeded in 5.22555398941s: None
[2013-04-29 18:01:36,892: INFO/MainProcess] Got task from broker: aida.djsite.db.tasks.poll[ba0d8fe3-db78-4143-8218-05a20484e4b3]
[2013-04-29 18:01:36,937: WARNING/PoolWorker-4] Polling with args foo and 16 ...
[2013-04-29 18:01:41,938: WARNING/PoolWorker-4] Polled
[2013-04-29 18:01:41,948: INFO/MainProcess] Task aida.djsite.db.tasks.poll[ba0d8fe3-db78-4143-8218-05a20484e4b3] succeeded in 5.01084303856s: None
[2013-04-29 18:02:06,961: INFO/MainProcess] Got task from broker: aida.djsite.db.tasks.poll[6331698d-46d7-49b3-b053-5a3ccf8d5d7d]
[2013-04-29 18:02:06,970: WARNING/PoolWorker-1] Polling with args foo and 16 ...
[2013-04-29 18:02:11,971: WARNING/PoolWorker-1] Polled
[2013-04-29 18:02:11,977: INFO/MainProcess] Task aida.djsite.db.tasks.poll[6331698d-46d7-49b3-b053-5a3ccf8d5d7d] succeeded in 5.00762796402s: None
[2013-04-29 18:02:37,029: INFO/MainProcess] Got task from broker: aida.djsite.db.tasks.poll[6cd9ba97-42b3-4b35-bd67-ffe8a8db9698]
[2013-04-29 18:02:37,035: WARNING/PoolWorker-2] Polling with args foo and 16 ...
[2013-04-29 18:02:42,037: WARNING/PoolWorker-2] Polled
[2013-04-29 18:02:42,056: INFO/MainProcess] Task aida.djsite.db.tasks.poll[6cd9ba97-42b3-4b35-bd67-ffe8a8db9698] succeeded in 5.02065205574s: None
[2013-04-29 18:03:07,091: INFO/MainProcess] Got task from broker: aida.djsite.db.tasks.poll[f647b54b-2d0b-4b1e-8b9f-b3358dd61ed9]
[2013-04-29 18:03:07,106: WARNING/PoolWorker-7] Polling with args foo and 16 ...
[2013-04-29 18:03:12,107: WARNING/PoolWorker-7] Polled
[2013-04-29 18:03:12,112: INFO/MainProcess] Task aida.djsite.db.tasks.poll[f647b54b-2d0b-4b1e-8b9f-b3358dd61ed9] succeeded in 5.00621509552s: None
[2013-04-29 18:03:37,128: INFO/MainProcess] Got task from broker: aida.djsite.db.tasks.poll[c9709d7a-cabe-4bbd-8939-ca5d573f1538]
[2013-04-29 18:03:37,139: WARNING/PoolWorker-8] Polling with args foo and 16 ...
[2013-04-29 18:03:42,140: WARNING/PoolWorker-8] Polled
[2013-04-29 18:03:42,146: INFO/MainProcess] Task aida.djsite.db.tasks.poll[c9709d7a-cabe-4bbd-8939-ca5d573f1538] succeeded in 5.00629281998s: None
[2013-04-29 18:04:07,235: INFO/MainProcess] Got task from broker: aida.djsite.db.tasks.poll[e27d3ec6-a152-469c-b5d9-9b47597d25eb]
[2013-04-29 18:04:07,241: WARNING/PoolWorker-5] Polling with args foo and 16 ...
[2013-04-29 18:04:12,242: WARNING/PoolWorker-5] Polled
[2013-04-29 18:04:12,269: INFO/MainProcess] Task aida.djsite.db.tasks.poll[e27d3ec6-a152-469c-b5d9-9b47597d25eb] succeeded in 5.02819609642s: None
 
 -------------- celery@Riccardos-MacBook-Pro.local v3.0.18 (Chiastic Slide)
---- **** ----- 
--- * ***  * -- Darwin-11.4.2-x86_64-i386-64bit
-- * - **** --- 
- ** ---------- [config]
- ** ---------- .> broker:      django://localhost//
- ** ---------- .> app:         default:0x1080a3610 (djcelery.loaders.DjangoLoader)
- ** ---------- .> concurrency: 8 (processes)
- *** --- * --- .> events:      OFF (enable -E to monitor this worker)
-- ******* ---- 
--- ***** ----- [queues]
 -------------- .> celery:      exchange:celery(direct) binding:celery
                

[Tasks]
  . aida.djsite.db.tasks.collector
  . aida.djsite.db.tasks.poll

supervisor: error trying to setuid to 501 (Can't drop privilege as nonroot user)
[2013-04-29 18:04:48,877: WARNING/MainProcess] celery@Riccardos-MacBook-Pro.local ready.
[2013-04-29 18:04:48,878: INFO/MainProcess] consumer: Connected to django://localhost//.
[2013-04-29 18:04:53,949: INFO/MainProcess] Got task from broker: aida.djsite.db.tasks.poll[caa62de3-1b2c-434c-b4d4-5d249a1f6a43]
[2013-04-29 18:04:53,951: WARNING/PoolWorker-3] Polling with args foo and 16 ...
[2013-04-29 18:04:58,953: WARNING/PoolWorker-3] Polled
[2013-04-29 18:04:58,965: INFO/MainProcess] Task aida.djsite.db.tasks.poll[caa62de3-1b2c-434c-b4d4-5d249a1f6a43] succeeded in 5.01440787315s: None
 
 -------------- celery@Riccardos-MacBook-Pro.local v3.0.18 (Chiastic Slide)
---- **** ----- 
--- * ***  * -- Darwin-11.4.2-x86_64-i386-64bit
-- * - **** --- 
- ** ---------- [config]
- ** ---------- .> broker:      django://localhost//
- ** ---------- .> app:         default:0x10aceb610 (djcelery.loaders.DjangoLoader)
- ** ---------- .> concurrency: 8 (processes)
- *** --- * --- .> events:      OFF (enable -E to monitor this worker)
-- ******* ---- 
--- ***** ----- [queues]
 -------------- .> celery:      exchange:celery(direct) binding:celery
                

[Tasks]
  . aida.djsite.db.tasks.collector
  . aida.djsite.db.tasks.poll

supervisor: error trying to setuid to 501 (Can't drop privilege as nonroot user)
[2013-04-29 18:05:44,460: WARNING/MainProcess] celery@Riccardos-MacBook-Pro.local ready.
[2013-04-29 18:05:44,462: INFO/MainProcess] consumer: Connected to django://localhost//.
[2013-04-29 18:05:49,491: INFO/MainProcess] Got task from broker: aida.djsite.db.tasks.poll[bcc2e748-2903-4cc9-a9af-9912e2da5a70]
[2013-04-29 18:05:49,501: WARNING/PoolWorker-1] Polling with args foo and 16 ...
[2013-04-29 18:05:54,502: WARNING/PoolWorker-1] Polled
[2013-04-29 18:05:54,530: INFO/MainProcess] Task aida.djsite.db.tasks.poll[bcc2e748-2903-4cc9-a9af-9912e2da5a70] succeeded in 5.02980899811s: None
[2013-04-29 18:06:14,521: INFO/MainProcess] Got task from broker: aida.djsite.db.tasks.poll[3f83f4e8-8853-47ea-9f3f-f3c2407462f6]
[2013-04-29 18:06:14,528: WARNING/PoolWorker-3] Polling with args foo and 16 ...
[2013-04-29 18:06:19,530: WARNING/PoolWorker-3] Polled
[2013-04-29 18:06:19,542: INFO/MainProcess] Task aida.djsite.db.tasks.poll[3f83f4e8-8853-47ea-9f3f-f3c2407462f6] succeeded in 5.01480913162s: None
 
 -------------- celery@Riccardos-MacBook-Pro.local v3.0.18 (Chiastic Slide)
---- **** ----- 
--- * ***  * -- Darwin-11.4.2-x86_64-i386-64bit
-- * - **** --- 
- ** ---------- [config]
- ** ---------- .> broker:      django://localhost//
- ** ---------- .> app:         default:0x10f9f3610 (djcelery.loaders.DjangoLoader)
- ** ---------- .> concurrency: 8 (processes)
- *** --- * --- .> events:      OFF (enable -E to monitor this worker)
-- ******* ---- 
--- ***** ----- [queues]
 -------------- .> celery:      exchange:celery(direct) binding:celery
                

[Tasks]
  . aida.djsite.db.tasks.collector
  . aida.djsite.db.tasks.poll

supervisor: error trying to setuid to 501 (Can't drop privilege as nonroot user)
[2013-04-29 18:07:01,625: WARNING/MainProcess] celery@Riccardos-MacBook-Pro.local ready.
[2013-04-29 18:07:01,627: INFO/MainProcess] consumer: Connected to django://localhost//.
[2013-04-29 18:07:06,655: INFO/MainProcess] Got task from broker: aida.djsite.db.tasks.poll[52a426de-37ca-4a98-a3d0-a680cb17a94a]
[2013-04-29 18:07:06,665: WARNING/PoolWorker-1] Polling with args foo and 16 ...
[2013-04-29 18:07:11,667: WARNING/PoolWorker-1] Polled
[2013-04-29 18:07:11,679: INFO/MainProcess] Task aida.djsite.db.tasks.poll[52a426de-37ca-4a98-a3d0-a680cb17a94a] succeeded in 5.01460695267s: None
[2013-04-29 18:07:31,687: INFO/MainProcess] Got task from broker: aida.djsite.db.tasks.poll[ac873025-fb13-476a-98d7-b3e1d2ec91a9]
[2013-04-29 18:07:31,696: WARNING/PoolWorker-5] Polling with args foo and 16 ...
[2013-04-29 18:07:36,697: WARNING/PoolWorker-5] Polled
[2013-04-29 18:07:36,712: INFO/MainProcess] Task aida.djsite.db.tasks.poll[ac873025-fb13-476a-98d7-b3e1d2ec91a9] succeeded in 5.01735711098s: None
[2013-04-29 18:08:01,724: INFO/MainProcess] Got task from broker: aida.djsite.db.tasks.poll[3f59ac73-c659-424b-8f0c-44adc630e03b]
[2013-04-29 18:08:01,728: WARNING/PoolWorker-7] Polling with args foo and 16 ...
[2013-04-29 18:08:06,730: WARNING/PoolWorker-7] Polled
[2013-04-29 18:08:06,756: INFO/MainProcess] Task aida.djsite.db.tasks.poll[3f59ac73-c659-424b-8f0c-44adc630e03b] succeeded in 5.02766299248s: None
[2013-04-29 18:08:31,770: INFO/MainProcess] Got task from broker: aida.djsite.db.tasks.poll[a5930bef-6adc-4e47-89c6-6466636902aa]
[2013-04-29 18:08:31,777: WARNING/PoolWorker-6] Polling with args foo and 16 ...
[2013-04-29 18:08:36,778: WARNING/PoolWorker-6] Polled
[2013-04-29 18:08:36,790: INFO/MainProcess] Task aida.djsite.db.tasks.poll[a5930bef-6adc-4e47-89c6-6466636902aa] succeeded in 5.01329898834s: None
[2013-04-29 18:09:01,807: INFO/MainProcess] Got task from broker: aida.djsite.db.tasks.poll[a4c1c794-9c86-4685-a1fb-37fc1e0ffe8b]
[2013-04-29 18:09:01,811: WARNING/PoolWorker-4] Polling with args foo and 16 ...
[2013-04-29 18:09:06,813: WARNING/PoolWorker-4] Polled
[2013-04-29 18:09:06,854: INFO/MainProcess] Task aida.djsite.db.tasks.poll[a4c1c794-9c86-4685-a1fb-37fc1e0ffe8b] succeeded in 5.04399394989s: None
[2013-04-29 18:09:31,844: INFO/MainProcess] Got task from broker: aida.djsite.db.tasks.poll[c7b237dd-65bc-43dc-bb7f-9caa7c61cc96]
[2013-04-29 18:09:31,850: WARNING/PoolWorker-2] Polling with args foo and 16 ...
[2013-04-29 18:09:36,851: WARNING/PoolWorker-2] Polled
[2013-04-29 18:09:36,863: INFO/MainProcess] Task aida.djsite.db.tasks.poll[c7b237dd-65bc-43dc-bb7f-9caa7c61cc96] succeeded in 5.01358389854s: None
[2013-04-29 18:10:02,140: INFO/MainProcess] Got task from broker: aida.djsite.db.tasks.poll[14459337-3852-44ce-8f90-f3e40d6bcd64]
[2013-04-29 18:10:02,156: WARNING/PoolWorker-3] Polling with args foo and 16 ...
[2013-04-29 18:10:07,158: WARNING/PoolWorker-3] Polled
[2013-04-29 18:10:07,170: INFO/MainProcess] Task aida.djsite.db.tasks.poll[14459337-3852-44ce-8f90-f3e40d6bcd64] succeeded in 5.01454591751s: None
[2013-04-29 18:10:32,175: INFO/MainProcess] Got task from broker: aida.djsite.db.tasks.poll[521b30f7-d9fb-4dbc-9bfe-052be33ddeb0]
[2013-04-29 18:10:32,191: WARNING/PoolWorker-5] Polling with args foo and 16 ...
[2013-04-29 18:10:37,191: WARNING/PoolWorker-5] Polled
[2013-04-29 18:10:37,196: INFO/MainProcess] Task aida.djsite.db.tasks.poll[521b30f7-d9fb-4dbc-9bfe-052be33ddeb0] succeeded in 5.00606989861s: None
 
 -------------- celery@Riccardos-MacBook-Pro.local v3.0.18 (Chiastic Slide)
---- **** ----- 
--- * ***  * -- Darwin-11.4.2-x86_64-i386-64bit
-- * - **** --- 
- ** ---------- [config]
- ** ---------- .> broker:      django://localhost//
- ** ---------- .> app:         default:0x1042bd610 (djcelery.loaders.DjangoLoader)
- ** ---------- .> concurrency: 8 (processes)
- *** --- * --- .> events:      OFF (enable -E to monitor this worker)
-- ******* ---- 
--- ***** ----- [queues]
 -------------- .> celery:      exchange:celery(direct) binding:celery
                

[Tasks]
  . aida.djsite.db.tasks.collector
  . aida.djsite.db.tasks.poll

